2026-06-16T10:47:06 [INFO] SHORTEN url=https://example.com code=0901257
2026-06-16T10:47:06 [INFO] SHORTEN url=https://example.com code=ffa28ac
2026-06-16T10:47:06 [INFO] DEDUPLICATE url=https://example.com code=ffa28ac
2026-06-16T10:47:06 [INFO] SHORTEN url=https://example.com code=cc944f9
2026-06-16T10:47:06 [INFO] SHORTEN url=https://other.com code=393e1be
2026-06-16T10:47:06 [INFO] SHORTEN url=https://example.com code=e27454d
2026-06-16T10:47:06 [INFO] REDIRECT code=e27454d -> https://example.com (hit #1)
2026-06-16T10:47:06 [INFO] REDIRECT code=e27454d -> https://example.com (hit #2)
2026-06-16T10:47:06 [INFO] STATS code=e27454d hit_count=2
2026-06-16T10:47:06 [WARNING] REDIRECT_NOT_FOUND code=doesnotexist
2026-06-16T10:47:06 [INFO] SHORTEN url=https://example.com code=0cb0ff5
2026-06-16T10:47:06 [INFO] REDIRECT code=0cb0ff5 -> https://example.com (hit #1)
2026-06-16T10:47:06 [INFO] SHORTEN url=https://example.com code=3988f84
2026-06-16T10:47:06 [INFO] STATS code=3988f84 hit_count=0
2026-06-16T10:47:06 [WARNING] STATS_NOT_FOUND code=doesnotexist
2026-06-16T10:47:06 [INFO] SHORTEN url=https://example.com code=fcc42f7
2026-06-16T10:47:06 [INFO] STATS code=fcc42f7 hit_count=0
2026-06-16T10:47:40 [INFO] SHORTEN url=https://example.com code=adb5e0a
2026-06-16T10:47:40 [INFO] SHORTEN url=https://example.com code=17c14ae
2026-06-16T10:47:40 [INFO] DEDUPLICATE url=https://example.com code=17c14ae
2026-06-16T10:47:40 [INFO] SHORTEN url=https://example.com code=98f855a
2026-06-16T10:47:40 [INFO] SHORTEN url=https://other.com code=c9c2d44
2026-06-16T10:47:40 [INFO] SHORTEN url=https://example.com code=ec8e0aa
2026-06-16T10:47:40 [INFO] REDIRECT code=ec8e0aa -> https://example.com (hit #1)
2026-06-16T10:47:40 [INFO] REDIRECT code=ec8e0aa -> https://example.com (hit #2)
2026-06-16T10:47:40 [INFO] STATS code=ec8e0aa hit_count=2
2026-06-16T10:47:40 [WARNING] REDIRECT_NOT_FOUND code=doesnotexist
2026-06-16T10:47:40 [INFO] SHORTEN url=https://example.com code=173495a
2026-06-16T10:47:40 [INFO] REDIRECT code=173495a -> https://example.com (hit #1)
2026-06-16T10:47:40 [INFO] SHORTEN url=https://example.com code=dca5769
2026-06-16T10:47:40 [INFO] STATS code=dca5769 hit_count=0
2026-06-16T10:47:40 [WARNING] STATS_NOT_FOUND code=doesnotexist
2026-06-16T10:47:40 [INFO] SHORTEN url=https://example.com code=91c47c3
2026-06-16T10:47:40 [INFO] STATS code=91c47c3 hit_count=0
2026-06-16T15:07:42 [INFO] SHORTEN url=https://google.com code=1be05a4
2026-06-16T15:08:22 [INFO] DEDUPLICATE url=https://google.com code=1be05a4
2026-06-16T15:46:51 [INFO] REDIRECT code=1be05a4 -> https://google.com (hit #1)
2026-06-16T15:47:05 [INFO] REDIRECT code=1be05a4 -> https://google.com (hit #2)
2026-06-16T15:52:36 [INFO] REDIRECT code=1be05a4 -> https://google.com (hit #3)
2026-06-16T15:52:59 [INFO] STATS code=1be05a4 hit_count=3
